<?xml version="1.0" encoding="UTF-8"?>
<!-- Generated by org.testng.reporters.JUnitReportReporter -->
<testsuite hostname="K584LTRV" failures="0" tests="1" name="com.ust.AppiumTesting.base.BaseTest" time="0.010" errors="0" timestamp="2024-06-14T10:58:11 IST" skipped="0">
  <testcase classname="com.ust.AppiumTesting.base.BaseTest" name="test" time="0.010"/>
</testsuite> <!-- com.ust.AppiumTesting.base.BaseTest -->
