<?xml version="1.0" encoding="UTF-8"?>
<!-- Generated by org.testng.reporters.JUnitReportReporter -->
<testsuite hostname="K584LTRV" failures="0" tests="1" name="com.ust.AppiumTesting.runner.TestRunner" time="18.993" errors="0" timestamp="2024-06-18T11:03:32 IST" skipped="0">
  <testcase classname="com.ust.AppiumTesting.runner.TestRunner" name="runScenario" time="18.993"/>
</testsuite> <!-- com.ust.AppiumTesting.runner.TestRunner -->
